Using pre-set license
Built from '2020.3/staging' branch; Version is '2020.3.21f1 (a38c86f6690f) revision 10718342'; Using compiler version '192528614'; Build Type 'Release'
OS: 'Windows 10 Pro; OS build 19045.5737; Version 2009; 64bit' Language: 'en' Physical Memory: 7886 MB
BatchMode: 1, IsHumanControllingUs: 0, StartBugReporterOnCrash: 0, Is64bit: 1, IsPro: 0

COMMAND LINE ARGUMENTS:
C:\Program Files\Unity\Hub\Editor\2020.3.21f1\Editor\Unity.exe
-adb2
-batchMode
-noUpm
-name
AssetImportWorker0
-projectPath
D:/Hristijan Gajdov/Projects/Unity/PayloadPanic
-logFile
Logs/AssetImportWorker0.log
-srvPort
57771
Successfully changed project path to: D:/Hristijan Gajdov/Projects/Unity/PayloadPanic
D:/Hristijan Gajdov/Projects/Unity/PayloadPanic
Using Asset Import Pipeline V2.
Refreshing native plugins compatible for Editor in 75.20 ms, found 2 plugins.
Preloading 0 native plugins for Editor in 0.00 ms.
Initialize engine version: 2020.3.21f1 (a38c86f6690f)
[Subsystems] Discovering subsystems at path C:/Program Files/Unity/Hub/Editor/2020.3.21f1/Editor/Data/Resources/UnitySubsystems
[Subsystems] Discovering subsystems at path D:/Hristijan Gajdov/Projects/Unity/PayloadPanic/Assets
GfxDevice: creating device client; threaded=0
Direct3D:
    Version:  Direct3D 11.0 [level 11.1]
    Renderer: Intel(R) Iris(R) Xe Graphics (ID=0x9a49)
    Vendor:   
    VRAM:     3943 MB
    Driver:   27.20.100.9268
Initialize mono
Mono path[0] = 'C:/Program Files/Unity/Hub/Editor/2020.3.21f1/Editor/Data/Managed'
Mono path[1] = 'C:/Program Files/Unity/Hub/Editor/2020.3.21f1/Editor/Data/MonoBleedingEdge/lib/mono/unityjit'
Mono config path = 'C:/Program Files/Unity/Hub/Editor/2020.3.21f1/Editor/Data/MonoBleedingEdge/etc'
Using monoOptions --debugger-agent=transport=dt_socket,embedding=1,server=y,suspend=n,address=127.0.0.1:56860
Begin MonoManager ReloadAssembly
Registering precompiled unity dll's ...
Register platform support module: C:/Program Files/Unity/Hub/Editor/2020.3.21f1/Editor/Data/PlaybackEngines/WebGLSupport/UnityEditor.WebGL.Extensions.dll
Register platform support module: C:/Program Files/Unity/Hub/Editor/2020.3.21f1/Editor/Data/PlaybackEngines/WindowsStandaloneSupport/UnityEditor.WindowsStandalone.Extensions.dll
Registered in 0.015934 seconds.
Native extension for WindowsStandalone target not found
Native extension for WebGL target not found
Refreshing native plugins compatible for Editor in 48.46 ms, found 2 plugins.
Preloading 0 native plugins for Editor in 0.00 ms.
Mono: successfully reloaded assembly
- Completed reload, in  5.021 seconds
Domain Reload Profiling:
	ReloadAssembly (5021ms)
		BeginReloadAssembly (46ms)
			ExecutionOrderSort (0ms)
			DisableScriptedObjects (0ms)
			BackupInstance (0ms)
			ReleaseScriptingObjects (0ms)
			CreateAndSetChildDomain (1ms)
		EndReloadAssembly (415ms)
			LoadAssemblies (45ms)
			RebuildTransferFunctionScriptingTraits (0ms)
			SetupTypeCache (135ms)
			ReleaseScriptCaches (0ms)
			RebuildScriptCaches (32ms)
			SetupLoadedEditorAssemblies (161ms)
				LogAssemblyErrors (0ms)
				InitializePlatformSupportModulesInManaged (4ms)
				SetLoadedEditorAssemblies (0ms)
				RefreshPlugins (49ms)
				BeforeProcessingInitializeOnLoad (14ms)
				ProcessInitializeOnLoadAttributes (69ms)
				ProcessInitializeOnLoadMethodAttributes (25ms)
				AfterProcessingInitializeOnLoad (0ms)
				EditorAssembliesLoaded (0ms)
			ExecutionOrderSort2 (0ms)
			AwakeInstancesAfterBackupRestoration (0ms)
Platform modules already initialized, skipping
Registering precompiled user dll's ...
Registered in 0.014496 seconds.
Begin MonoManager ReloadAssembly
Native extension for WindowsStandalone target not found
Native extension for WebGL target not found
Refreshing native plugins compatible for Editor in 47.99 ms, found 2 plugins.
Preloading 0 native plugins for Editor in 0.00 ms.
Mono: successfully reloaded assembly
- Completed reload, in  1.395 seconds
Domain Reload Profiling:
	ReloadAssembly (1396ms)
		BeginReloadAssembly (157ms)
			ExecutionOrderSort (0ms)
			DisableScriptedObjects (5ms)
			BackupInstance (0ms)
			ReleaseScriptingObjects (0ms)
			CreateAndSetChildDomain (20ms)
		EndReloadAssembly (1184ms)
			LoadAssemblies (142ms)
			RebuildTransferFunctionScriptingTraits (0ms)
			SetupTypeCache (468ms)
			ReleaseScriptCaches (1ms)
			RebuildScriptCaches (46ms)
			SetupLoadedEditorAssemblies (417ms)
				LogAssemblyErrors (0ms)
				InitializePlatformSupportModulesInManaged (4ms)
				SetLoadedEditorAssemblies (0ms)
				RefreshPlugins (48ms)
				BeforeProcessingInitializeOnLoad (134ms)
				ProcessInitializeOnLoadAttributes (215ms)
				ProcessInitializeOnLoadMethodAttributes (10ms)
				AfterProcessingInitializeOnLoad (4ms)
				EditorAssembliesLoaded (0ms)
			ExecutionOrderSort2 (0ms)
			AwakeInstancesAfterBackupRestoration (7ms)
Platform modules already initialized, skipping
========================================================================
Worker process is ready to serve import requests
Launched and connected shader compiler UnityShaderCompiler.exe after 0.09 seconds
Refreshing native plugins compatible for Editor in 0.70 ms, found 2 plugins.
Preloading 0 native plugins for Editor in 0.00 ms.
Unloading 2807 Unused Serialized files (Serialized files now loaded: 0)
System memory in use before: 126.5 MB.
System memory in use after: 126.7 MB.

Unloading 20 unused Assets to reduce memory usage. Loaded Objects now: 3241.
Total: 20.317000 ms (FindLiveObjects: 0.622900 ms CreateObjectMapping: 0.141400 ms MarkObjects: 19.101300 ms  DeleteObjects: 0.445600 ms)

AssetImportParameters requested are different than current active one (requested -> active):
  custom:framework-win-MediaFoundation: 216162199b28c13a410421893ffa2e32 -> 
  custom:video-decoder-ogg-theora: a1e56fd34408186e4bbccfd4996cb3dc -> 
  custom:container-muxer-webm: aa71ff27fc2769a1b78a27578f13a17b -> 
  custom:container-demuxer-webm: 4f35f7cbe854078d1ac9338744f61a02 -> 
  custom:container-demuxer-ogg: 62fdf1f143b41e24485cea50d1cbac27 -> 
  custom:video-encoder-webm-vp8: eb34c28f22e8b96e1ab97ce403110664 -> 
  custom:video-decoder-webm-vp8: 9c59270c3fd7afecdb556c50c9e8de78 -> 
  custom:audio-decoder-ogg-vorbis: bf7c407c2cedff20999df2af8eb42d56 -> 
  custom:audio-encoder-webm-vorbis: bf7c407c2cedff20999df2af8eb42d56 -> 
========================================================================
Received Import Request.
  path: Assets/Prefabs/Player
  artifactKey: Guid(f908d7ffa3b1cce488b3b7bca4f0085d) Importer(815301076,1909f56bfc062723c751e8b465ee728b)
Start importing Assets/Prefabs/Player using Guid(f908d7ffa3b1cce488b3b7bca4f0085d) Importer(815301076,1909f56bfc062723c751e8b465ee728b)  -> (artifact id: '065d9b69104c1383c6e3a2dfc6cf7bd6') in 0.021764 seconds 
  Import took 0.027852 seconds .

========================================================================
Received Import Request.
  Time since last request: 4.671064 seconds.
  path: Assets/Prefabs/Player/Player.fbx
  artifactKey: Guid(fe24394d3765623418d1ac969d9c8435) Importer(815301076,1909f56bfc062723c751e8b465ee728b)
Start importing Assets/Prefabs/Player/Player.fbx using Guid(fe24394d3765623418d1ac969d9c8435) Importer(815301076,1909f56bfc062723c751e8b465ee728b)  -> (artifact id: 'c342f72a0f805457f2dfff282255b87e') in 0.553463 seconds 
  Import took 0.561395 seconds .

========================================================================
Received Import Request.
  Time since last request: 35.953630 seconds.
  path: Assets/Prefabs/Player/bivakfaceAO.png
  artifactKey: Guid(868c5aab4434445498ce6fdc28930aff) Importer(815301076,1909f56bfc062723c751e8b465ee728b)
Start importing Assets/Prefabs/Player/bivakfaceAO.png using Guid(868c5aab4434445498ce6fdc28930aff) Importer(815301076,1909f56bfc062723c751e8b465ee728b)  -> (artifact id: '63068b432f1490c7a32ec5ee91bed745') in 0.070443 seconds 
  Import took 0.079737 seconds .

========================================================================
Received Import Request.
  Time since last request: 0.000385 seconds.
  path: Assets/Prefabs/Player/bivakfaceColor.png
  artifactKey: Guid(83daf58469c7b0b40bdd8926b2ebccc6) Importer(815301076,1909f56bfc062723c751e8b465ee728b)
Start importing Assets/Prefabs/Player/bivakfaceColor.png using Guid(83daf58469c7b0b40bdd8926b2ebccc6) Importer(815301076,1909f56bfc062723c751e8b465ee728b)  -> (artifact id: 'a7b0853333e8616cc4c43757d7db797f') in 0.042618 seconds 
  Import took 0.053252 seconds .

========================================================================
Received Import Request.
  Time since last request: 0.000547 seconds.
  path: Assets/Prefabs/Player/body1Normal.png
  artifactKey: Guid(5938bc5c310386d4c9296951f2e35397) Importer(815301076,1909f56bfc062723c751e8b465ee728b)
Start importing Assets/Prefabs/Player/body1Normal.png using Guid(5938bc5c310386d4c9296951f2e35397) Importer(815301076,1909f56bfc062723c751e8b465ee728b)  -> (artifact id: '50b90b7b64c0d6285270dcbb5c152fe2') in 0.044768 seconds 
  Import took 0.052911 seconds .

========================================================================
Received Import Request.
  Time since last request: 0.000664 seconds.
  path: Assets/Prefabs/Player/body1spec.png
  artifactKey: Guid(8b7d14f5fdbda554f913b63bfc5d45dc) Importer(815301076,1909f56bfc062723c751e8b465ee728b)
Start importing Assets/Prefabs/Player/body1spec.png using Guid(8b7d14f5fdbda554f913b63bfc5d45dc) Importer(815301076,1909f56bfc062723c751e8b465ee728b)  -> (artifact id: 'dcfa9b85f9361310d49cc07ce7a6fde3') in 0.038296 seconds 
  Import took 0.043980 seconds .

========================================================================
Received Import Request.
  Time since last request: 0.000496 seconds.
  path: Assets/Prefabs/Player/bivakfaceNormal.png
  artifactKey: Guid(522df99d4fa0f304d8955bb7e7f4c9b4) Importer(815301076,1909f56bfc062723c751e8b465ee728b)
Start importing Assets/Prefabs/Player/bivakfaceNormal.png using Guid(522df99d4fa0f304d8955bb7e7f4c9b4) Importer(815301076,1909f56bfc062723c751e8b465ee728b)  -> (artifact id: 'bc28f7e022854e38b65d7d85e0aec757') in 0.037003 seconds 
  Import took 0.044124 seconds .

========================================================================
Received Import Request.
  Time since last request: 0.000337 seconds.
  path: Assets/Prefabs/Player/body1AO.png
  artifactKey: Guid(e27f63fddaa0827448a83ed91994b08c) Importer(815301076,1909f56bfc062723c751e8b465ee728b)
Start importing Assets/Prefabs/Player/body1AO.png using Guid(e27f63fddaa0827448a83ed91994b08c) Importer(815301076,1909f56bfc062723c751e8b465ee728b)  -> (artifact id: 'af6d55a369c52bea59ca163e44461d90') in 0.033640 seconds 
  Import took 0.041975 seconds .

========================================================================
Received Import Request.
  Time since last request: 0.000465 seconds.
  path: Assets/Prefabs/Player/bivakfacespec.png
  artifactKey: Guid(c046de0f2c14a134f9137b1a68ff86bf) Importer(815301076,1909f56bfc062723c751e8b465ee728b)
Start importing Assets/Prefabs/Player/bivakfacespec.png using Guid(c046de0f2c14a134f9137b1a68ff86bf) Importer(815301076,1909f56bfc062723c751e8b465ee728b)  -> (artifact id: '224b706428b742fb0466cd50db38450a') in 0.029356 seconds 
  Import took 0.039551 seconds .

========================================================================
Received Import Request.
  Time since last request: 0.000588 seconds.
  path: Assets/Prefabs/Player/body1Color2.png
  artifactKey: Guid(a540a2caebecfcf439ff68fc5be6baf2) Importer(815301076,1909f56bfc062723c751e8b465ee728b)
Start importing Assets/Prefabs/Player/body1Color2.png using Guid(a540a2caebecfcf439ff68fc5be6baf2) Importer(815301076,1909f56bfc062723c751e8b465ee728b)  -> (artifact id: 'ec854c764eb9418f13f6e422f201afbd') in 0.027804 seconds 
  Import took 0.035770 seconds .

========================================================================
Received Import Request.
  Time since last request: 5.673650 seconds.
  path: Assets/Prefabs/Player/Materials
  artifactKey: Guid(0cbbb3df477ee1e4f8f61a17dd836cec) Importer(815301076,1909f56bfc062723c751e8b465ee728b)
Start importing Assets/Prefabs/Player/Materials using Guid(0cbbb3df477ee1e4f8f61a17dd836cec) Importer(815301076,1909f56bfc062723c751e8b465ee728b)  -> (artifact id: 'edf94d9dee4edc3687d942000c04bd59') in 0.016802 seconds 
  Import took 0.024898 seconds .

========================================================================
Received Import Request.
  Time since last request: 34.495626 seconds.
  path: Assets/Prefabs/Player/Materials/Face.mat
  artifactKey: Guid(757f2a760b4ad7e499d53d51e200a12e) Importer(815301076,1909f56bfc062723c751e8b465ee728b)
Start importing Assets/Prefabs/Player/Materials/Face.mat using Guid(757f2a760b4ad7e499d53d51e200a12e) Importer(815301076,1909f56bfc062723c751e8b465ee728b)  -> (artifact id: 'f03cc24c09221eeba9c39fd90281c81a') in 0.129862 seconds 
  Import took 0.137222 seconds .

========================================================================
Received Import Request.
  Time since last request: 16.854239 seconds.
  path: Assets/Prefabs/Player/Materials/bivakfaceNormal.png
  artifactKey: Guid(522df99d4fa0f304d8955bb7e7f4c9b4) Importer(815301076,1909f56bfc062723c751e8b465ee728b)
Start importing Assets/Prefabs/Player/Materials/bivakfaceNormal.png using Guid(522df99d4fa0f304d8955bb7e7f4c9b4) Importer(815301076,1909f56bfc062723c751e8b465ee728b)  -> (artifact id: '3e5597d2b81568cdf3436bb1c7224873') in 0.042814 seconds 
  Import took 0.052132 seconds .

========================================================================
Received Import Request.
  Time since last request: 23.196385 seconds.
  path: Assets/Prefabs/Player/Materials/Body.mat
  artifactKey: Guid(757f2a760b4ad7e499d53d51e200a12e) Importer(815301076,1909f56bfc062723c751e8b465ee728b)
Start importing Assets/Prefabs/Player/Materials/Body.mat using Guid(757f2a760b4ad7e499d53d51e200a12e) Importer(815301076,1909f56bfc062723c751e8b465ee728b)  -> (artifact id: 'ef22d862fd50cbe9b7e2ffd08caf5b0f') in 0.059295 seconds 
  Import took 0.068011 seconds .

========================================================================
Received Import Request.
  Time since last request: 11.384395 seconds.
  path: Assets/Prefabs/Player/Materials/body1Normal.png
  artifactKey: Guid(5938bc5c310386d4c9296951f2e35397) Importer(815301076,1909f56bfc062723c751e8b465ee728b)
Start importing Assets/Prefabs/Player/Materials/body1Normal.png using Guid(5938bc5c310386d4c9296951f2e35397) Importer(815301076,1909f56bfc062723c751e8b465ee728b)  -> (artifact id: '71c0e48cf87efc7729f65360cbcd22fb') in 0.042178 seconds 
  Import took 0.050768 seconds .

AssetImportWorkerClient::OnTransportError - code=2 error=End of file
